\BOOKMARK [0][-]{section*.2}{List of Tables}{}% 1
\BOOKMARK [0][-]{section*.4}{List of Figures}{}% 2
\BOOKMARK [0][-]{chapter.1}{Introduction}{}% 3
\BOOKMARK [1][-]{section.1.1}{Binary Search Trees}{chapter.1}% 4
\BOOKMARK [1][-]{section.1.2}{The Optimum Binary Search Tree Problem}{chapter.1}% 5
\BOOKMARK [1][-]{section.1.3}{Why Study Binary Search Trees}{chapter.1}% 6
\BOOKMARK [1][-]{section.1.4}{Overview}{chapter.1}% 7
\BOOKMARK [0][-]{chapter.2}{Background and Related Work}{}% 8
\BOOKMARK [1][-]{section.2.1}{Preliminaries}{chapter.2}% 9
\BOOKMARK [1][-]{section.2.2}{Binary Search Trees}{chapter.2}% 10
\BOOKMARK [1][-]{section.2.3}{Alphabetic Trees}{chapter.2}% 11
\BOOKMARK [1][-]{section.2.4}{Multiway Trees}{chapter.2}% 12
\BOOKMARK [1][-]{section.2.5}{Memory Models}{chapter.2}% 13
\BOOKMARK [0][-]{chapter.3}{An Improved Bound for the Modified Minimum Entropy Heuristic}{}% 14
\BOOKMARK [1][-]{section.3.1}{The Modified Minimum Entropy Heuristic}{chapter.3}% 15
\BOOKMARK [1][-]{section.3.2}{MME is within 4 of Entropy}{chapter.3}% 16
\BOOKMARK [0][-]{chapter.4}{Approximate Binary Search in the Hierarchical Memory Model}{}% 17
\BOOKMARK [1][-]{section.4.1}{The Hierarchical Memory Model}{chapter.4}% 18
\BOOKMARK [1][-]{section.4.2}{Thite's Optimum Binary Search Trees on the HMM Model}{chapter.4}% 19
\BOOKMARK [1][-]{section.4.3}{Efficient Near-Optimal Multiway Trees of Bose and Dou\357eb}{chapter.4}% 20
\BOOKMARK [1][-]{section.4.4}{Algorithm ApproxMWPaging}{chapter.4}% 21
\BOOKMARK [1][-]{section.4.5}{Expected Cost ApproxMWPaging}{chapter.4}% 22
\BOOKMARK [1][-]{section.4.6}{Approximate Binary Search Trees of De Prisco and De Santis with Extensions by Bose and Dou\357eb}{chapter.4}% 23
\BOOKMARK [1][-]{section.4.7}{Algorithm ApproxBSTPaging}{chapter.4}% 24
\BOOKMARK [1][-]{section.4.8}{Expected Cost ApproxBSTPaging}{chapter.4}% 25
\BOOKMARK [1][-]{section.4.9}{Improvements over Thite in the HMM2 Model}{chapter.4}% 26
\BOOKMARK [0][-]{chapter.5}{Approximate Binary Search in the Hierarchical Memory with Block Transfer Model}{}% 27
\BOOKMARK [1][-]{section.5.1}{Hierarchical Memory with Block Transfer Model}{chapter.5}% 28
\BOOKMARK [1][-]{section.5.2}{ApproxMWPaging with BT}{chapter.5}% 29
\BOOKMARK [1][-]{section.5.3}{Expected Cost ApproxMWPaging with BT}{chapter.5}% 30
\BOOKMARK [1][-]{section.5.4}{ApproxBSTPaging with BT}{chapter.5}% 31
\BOOKMARK [1][-]{section.5.5}{Expected Cost ApproxBSTPaging with BT}{chapter.5}% 32
\BOOKMARK [0][-]{chapter.6}{Conclusion and Open Problems}{}% 33
\BOOKMARK [1][-]{section.6.1}{Discussion}{chapter.6}% 34
\BOOKMARK [1][-]{section.6.2}{Conclusion}{chapter.6}% 35
\BOOKMARK [0][-]{appendix*.7}{APPENDICES}{}% 36
\BOOKMARK [0][-]{appendix.A}{PDF Plots From Matlab}{}% 37
\BOOKMARK [0][-]{section*.8}{References}{}% 38
