This is pdfTeX, Version 3.1415926-2.5-1.40.14 (MiKTeX 2.9) (preloaded format=pdftex 2016.1.4)  4 JAN 2016 20:51
entering extended mode
**C:/Users/Oliver/Documents/UW*Master's*Thesis/Thesis/uw-ethesis/uw-ethesis.bib

("C:/Users/Oliver/Documents/UW Master's Thesis/Thesis/uw-ethesis/uw-ethesis.bib
"
Overfull \hbox (7.88498pt too wide) in paragraph at lines 13--23
\tenrm jour-nal=Information Pro-cess-ing Let-ters, vol-ume=13, num-ber=1, pages
=16--19, year=1981, pub-lisher=Elsevier|

\hbox(6.94444+1.94444)x469.75499, glue set - 1.0
.\tenrm j
.\tenrm o
.\tenrm u
.\tenrm r
.\discretionary
..\tenrm -
.etc.


Underfull \hbox (badness 10000) in paragraph at lines 13--23


\hbox(0.0+0.0)x469.75499
.\glue(\rightskip) 0.0


Overfull \hbox (17.88501pt too wide) in paragraph at lines 24--34
\tenrm jour-nal=Information Pro-cess-ing Let-ters, vol-ume=14, num-ber=3, pages
=139--143, year=1982, pub-lisher=Elsevier|

\hbox(6.94444+1.94444)x469.75499, glue set - 1.0
.\tenrm j
.\tenrm o
.\tenrm u
.\tenrm r
.\discretionary
..\tenrm -
.etc.


Underfull \hbox (badness 10000) in paragraph at lines 24--34


\hbox(0.0+0.0)x469.75499
.\glue(\rightskip) 0.0


Overfull \hbox (16.10616pt too wide) in paragraph at lines 55--63
[]\tenrm @articledonald1999art, ti-tle=The art of com-puter pro-gram-ming, au-t
hor=Donald, E Knuth, jour-nal=Sorting|

\hbox(6.94444+1.94444)x469.75499, glue set - 1.0
.\hbox(0.0+0.0)x20.0
.\tenrm @
.\tenrm a
.\tenrm r
.\tenrm t
.etc.


Overfull \hbox (43.80171pt too wide) in paragraph at lines 86--96
[]\tenrm @articleyeung1991alphabetic, ti-tle=Alphabetic codes re-vis-ited, au-t
hor=Yeung, Ray-mond W, jour-nal=Information|

\hbox(6.94444+1.94444)x469.75499, glue set - 1.0
.\hbox(0.0+0.0)x20.0
.\tenrm @
.\tenrm a
.\tenrm r
.\tenrm t
.etc.


Overfull \hbox (10.63484pt too wide) in paragraph at lines 97--105
[]\tenrm @incollectionbecker1997construction, ti-tle=Construction of nearly op-
ti-mal mul-ti-way trees, au-thor=Becker,|

\hbox(6.94444+1.94444)x469.75499, glue set - 1.0
.\hbox(0.0+0.0)x20.0
.\tenrm @
.\tenrm i
.\tenrm n
.\tenrm c
.etc.


Overfull \hbox (15.55154pt too wide) in paragraph at lines 135--143
[]\tenrm @inproceedingsaggarwal1987hierarchical, ti-tle=Hierarchical mem-ory wi
th block trans-fer, au-thor=Aggarwal,|

\hbox(6.94444+1.94444)x469.75499, glue set - 1.0
.\hbox(0.0+0.0)x20.0
.\tenrm @
.\tenrm i
.\tenrm n
.\tenrm p
.etc.


Overfull \hbox (3.2184pt too wide) in paragraph at lines 184--194
\tenrm rithms, au-thor=Bayer, Rudolf, jour-nal=Acta in-for-mat-ica, vol-ume=1, 
num-ber=4, pages=290--306, year=1972,|

\hbox(6.94444+1.94444)x469.75499, glue set - 1.0
.\tenrm r
.\tenrm i
.\tenrm t
.\tenrm h
.\tenrm m
.etc.

Missing character: There is no Ë in font cmr10!
Missing character: There is no ‡ in font cmr10!
[1{C:/ProgramData/MiKTeX/2.9/pdftex/config/pdftex.map}]
Overfull \hbox (9.9683pt too wide) in paragraph at lines 236--246
\tenrm Moore, Ed-ward F, jour-nal=Bell Sys-tem Tech-ni-cal Jour-nal, vol-ume=38
, num-ber=4, pages=933--967, year=1959,|

\hbox(6.94444+1.94444)x469.75499, glue set - 1.0
.\tenrm M
.\tenrm o
.\kern0.27779
.\tenrm o
.\tenrm r
.etc.


Overfull \hbox (8.3572pt too wide) in paragraph at lines 247--257
[]\tenrm @articleknuth1971optimum, ti-tle=Optimum bi-nary search trees, au-thor
=Knuth, Don-ald E., jour-nal=Acta|

\hbox(6.94444+1.94444)x469.75499, glue set - 1.0
.\hbox(0.0+0.0)x20.0
.\tenrm @
.\tenrm a
.\tenrm r
.\tenrm t
.etc.

Missing character: There is no â in font cmr10!
Missing character: There is no € in font cmr10!
Missing character: There is no ” in font cmr10!
)
*
! Emergency stop.
<*> ...r's*Thesis/Thesis/uw-ethesis/uw-ethesis.bib
                                                  
End of file on the terminal!

!  ==> Fatal error occurred, no output PDF file produced!
